  [1m[35m (265.8ms)[0m  [1m[35mCREATE DATABASE "yoga_api_development" ENCODING = 'unicode'[0m
  [1m[35m (147.6ms)[0m  [1m[35mCREATE DATABASE "yoga_api_test" ENCODING = 'unicode'[0m
  [1m[35m (41.2ms)[0m  [1m[35mCREATE TABLE "schema_migrations" ("version" character varying NOT NULL PRIMARY KEY)[0m
  [1m[35m (8.7ms)[0m  [1m[35mCREATE TABLE "ar_internal_metadata" ("key" character varying NOT NULL PRIMARY KEY, "value" character varying, "created_at" timestamp(6) NOT NULL, "updated_at" timestamp(6) NOT NULL)[0m
  [1m[35m (1.4ms)[0m  [1m[34mSELECT pg_try_advisory_lock(7506025478701398075)[0m
  [1m[35m (1.1ms)[0m  [1m[34mSELECT "schema_migrations"."version" FROM "schema_migrations" ORDER BY "schema_migrations"."version" ASC[0m
Migrating to CreatePoses (20200212144247)
  [1m[35m (0.2ms)[0m  [1m[35mBEGIN[0m
  [1m[35m (9.3ms)[0m  [1m[35mCREATE TABLE "poses" ("id" bigserial primary key, "name" character varying, "image" character varying, "category" character varying, "created_at" timestamp(6) NOT NULL, "updated_at" timestamp(6) NOT NULL)[0m
  [1m[36mprimary::SchemaMigration Create (3.7ms)[0m  [1m[32mINSERT INTO "schema_migrations" ("version") VALUES ($1) RETURNING "version"[0m  [["version", "20200212144247"]]
  [1m[35m (0.5ms)[0m  [1m[35mCOMMIT[0m
  [1m[36mActiveRecord::InternalMetadata Load (1.2ms)[0m  [1m[34mSELECT "ar_internal_metadata".* FROM "ar_internal_metadata" WHERE "ar_internal_metadata"."key" = $1 LIMIT $2[0m  [["key", "environment"], ["LIMIT", 1]]
  [1m[35m (0.4ms)[0m  [1m[35mBEGIN[0m
  [1m[36mActiveRecord::InternalMetadata Create (2.1ms)[0m  [1m[32mINSERT INTO "ar_internal_metadata" ("key", "value", "created_at", "updated_at") VALUES ($1, $2, $3, $4) RETURNING "key"[0m  [["key", "environment"], ["value", "development"], ["created_at", "2020-02-12 14:44:13.989498"], ["updated_at", "2020-02-12 14:44:13.989498"]]
  [1m[35m (0.4ms)[0m  [1m[35mCOMMIT[0m
  [1m[35m (0.2ms)[0m  [1m[34mSELECT pg_advisory_unlock(7506025478701398075)[0m
  [1m[35m (0.6ms)[0m  [1m[34mSELECT "schema_migrations"."version" FROM "schema_migrations" ORDER BY "schema_migrations"."version" ASC[0m
  [1m[35m (0.7ms)[0m  [1m[34mSELECT "schema_migrations"."version" FROM "schema_migrations" ORDER BY "schema_migrations"."version" ASC[0m
  [1m[35m (0.2ms)[0m  [1m[35mBEGIN[0m
  [1m[36mPose Create (2.2ms)[0m  [1m[32mINSERT INTO "poses" ("name", "image", "category", "created_at", "updated_at") VALUES ($1, $2, $3, $4, $5) RETURNING "id"[0m  [["name", "Cobra Pose"], ["image", "https://www.yogajournal.com/.image/c_limit%2Ccs_srgb%2Cq_auto:good%2Cw_1720/MTQ3MTU3MjczOTUxNjEwMzE4/3yp_287_6710_gn_bjk.webp"], ["category", "Shoulder, Back"], ["created_at", "2020-02-12 14:47:30.109787"], ["updated_at", "2020-02-12 14:47:30.109787"]]
  [1m[35m (0.5ms)[0m  [1m[35mCOMMIT[0m
  [1m[35m (0.2ms)[0m  [1m[35mBEGIN[0m
  [1m[36mPose Create (0.3ms)[0m  [1m[32mINSERT INTO "poses" ("name", "image", "category", "created_at", "updated_at") VALUES ($1, $2, $3, $4, $5) RETURNING "id"[0m  [["name", "Cat Pose"], ["image", "https://www.yogajournal.com/.image/c_limit%2Ccs_srgb%2Cq_auto:good%2Cw_1720/MTQ3MTc0NjYxMzIxNDAxODA2/2hp_286_0574_bjk.webp"], ["category", "Spine"], ["created_at", "2020-02-12 14:47:30.118829"], ["updated_at", "2020-02-12 14:47:30.118829"]]
  [1m[35m (0.4ms)[0m  [1m[35mCOMMIT[0m
  [1m[35m (0.1ms)[0m  [1m[35mBEGIN[0m
  [1m[36mPose Create (0.5ms)[0m  [1m[32mINSERT INTO "poses" ("name", "image", "category", "created_at", "updated_at") VALUES ($1, $2, $3, $4, $5) RETURNING "id"[0m  [["name", "Cobra Pose"], ["image", "https://www.yogajournal.com/.image/c_limit%2Ccs_srgb%2Cq_auto:good%2Cw_1720/MTQ3MTU3MjczOTUxNjEwMzE4/3yp_287_6710_gn_bjk.webp"], ["category", "Shoulder, Upper torso"], ["created_at", "2020-02-12 14:47:30.123549"], ["updated_at", "2020-02-12 14:47:30.123549"]]
  [1m[35m (0.4ms)[0m  [1m[35mCOMMIT[0m
  [1m[36mPose Load (0.9ms)[0m  [1m[34mSELECT "poses".* FROM "poses" LIMIT $1[0m  [["LIMIT", 11]]
Started GET "/" for ::1 at 2020-02-12 22:47:54 +0800
  [1m[35m (0.7ms)[0m  [1m[34mSELECT "schema_migrations"."version" FROM "schema_migrations" ORDER BY "schema_migrations"."version" ASC[0m
Processing by Rails::WelcomeController#index as HTML
  Rendering /Users/shahranirahiman/.rbenv/versions/2.6.3/lib/ruby/gems/2.6.0/gems/railties-6.0.2.1/lib/rails/templates/rails/welcome/index.html.erb
  Rendered /Users/shahranirahiman/.rbenv/versions/2.6.3/lib/ruby/gems/2.6.0/gems/railties-6.0.2.1/lib/rails/templates/rails/welcome/index.html.erb (Duration: 14.4ms | Allocations: 489)
Completed 200 OK in 36ms (Views: 23.4ms | ActiveRecord: 0.0ms | Allocations: 2697)


Started GET "/poses" for ::1 at 2020-02-12 22:47:58 +0800
Processing by PosesController#index as HTML
  [1m[36mPose Load (0.8ms)[0m  [1m[34mSELECT "poses".* FROM "poses"[0m
  ↳ app/controllers/poses_controller.rb:8:in `index'
Completed 200 OK in 32ms (Views: 18.5ms | ActiveRecord: 9.8ms | Allocations: 5631)


Started GET "/poses" for ::1 at 2020-02-12 23:10:27 +0800
  [1m[35m (3.2ms)[0m  [1m[34mSELECT "schema_migrations"."version" FROM "schema_migrations" ORDER BY "schema_migrations"."version" ASC[0m
Processing by PosesController#index as HTML
  [1m[36mPose Load (0.7ms)[0m  [1m[34mSELECT "poses".* FROM "poses"[0m
  ↳ app/controllers/poses_controller.rb:8:in `index'
Completed 200 OK in 22ms (Views: 12.7ms | ActiveRecord: 6.9ms | Allocations: 5622)


Started GET "/notices" for ::1 at 2020-02-12 23:15:56 +0800
  
ActionController::RoutingError (No route matches [GET] "/notices"):
  
actionpack (6.0.2.1) lib/action_dispatch/middleware/debug_exceptions.rb:36:in `call'
actionpack (6.0.2.1) lib/action_dispatch/middleware/show_exceptions.rb:33:in `call'
railties (6.0.2.1) lib/rails/rack/logger.rb:38:in `call_app'
railties (6.0.2.1) lib/rails/rack/logger.rb:26:in `block in call'
activesupport (6.0.2.1) lib/active_support/tagged_logging.rb:80:in `block in tagged'
activesupport (6.0.2.1) lib/active_support/tagged_logging.rb:28:in `tagged'
activesupport (6.0.2.1) lib/active_support/tagged_logging.rb:80:in `tagged'
railties (6.0.2.1) lib/rails/rack/logger.rb:26:in `call'
actionpack (6.0.2.1) lib/action_dispatch/middleware/remote_ip.rb:81:in `call'
actionpack (6.0.2.1) lib/action_dispatch/middleware/request_id.rb:27:in `call'
rack (2.2.2) lib/rack/runtime.rb:22:in `call'
activesupport (6.0.2.1) lib/active_support/cache/strategy/local_cache_middleware.rb:29:in `call'
actionpack (6.0.2.1) lib/action_dispatch/middleware/executor.rb:14:in `call'
actionpack (6.0.2.1) lib/action_dispatch/middleware/static.rb:126:in `call'
rack (2.2.2) lib/rack/sendfile.rb:110:in `call'
actionpack (6.0.2.1) lib/action_dispatch/middleware/host_authorization.rb:83:in `call'
railties (6.0.2.1) lib/rails/engine.rb:526:in `call'
puma (4.3.1) lib/puma/configuration.rb:228:in `call'
puma (4.3.1) lib/puma/server.rb:681:in `handle_request'
puma (4.3.1) lib/puma/server.rb:472:in `process_client'
puma (4.3.1) lib/puma/server.rb:328:in `block in run'
puma (4.3.1) lib/puma/thread_pool.rb:134:in `block in spawn_thread'
Started GET "/notices" for ::1 at 2020-02-12 23:17:25 +0800
  
ActionController::RoutingError (No route matches [GET] "/notices"):
  
actionpack (6.0.2.1) lib/action_dispatch/middleware/debug_exceptions.rb:36:in `call'
actionpack (6.0.2.1) lib/action_dispatch/middleware/show_exceptions.rb:33:in `call'
railties (6.0.2.1) lib/rails/rack/logger.rb:38:in `call_app'
railties (6.0.2.1) lib/rails/rack/logger.rb:26:in `block in call'
activesupport (6.0.2.1) lib/active_support/tagged_logging.rb:80:in `block in tagged'
activesupport (6.0.2.1) lib/active_support/tagged_logging.rb:28:in `tagged'
activesupport (6.0.2.1) lib/active_support/tagged_logging.rb:80:in `tagged'
railties (6.0.2.1) lib/rails/rack/logger.rb:26:in `call'
actionpack (6.0.2.1) lib/action_dispatch/middleware/remote_ip.rb:81:in `call'
actionpack (6.0.2.1) lib/action_dispatch/middleware/request_id.rb:27:in `call'
rack (2.2.2) lib/rack/runtime.rb:22:in `call'
activesupport (6.0.2.1) lib/active_support/cache/strategy/local_cache_middleware.rb:29:in `call'
actionpack (6.0.2.1) lib/action_dispatch/middleware/executor.rb:14:in `call'
actionpack (6.0.2.1) lib/action_dispatch/middleware/static.rb:126:in `call'
rack (2.2.2) lib/rack/sendfile.rb:110:in `call'
actionpack (6.0.2.1) lib/action_dispatch/middleware/host_authorization.rb:83:in `call'
railties (6.0.2.1) lib/rails/engine.rb:526:in `call'
puma (4.3.1) lib/puma/configuration.rb:228:in `call'
puma (4.3.1) lib/puma/server.rb:681:in `handle_request'
puma (4.3.1) lib/puma/server.rb:472:in `process_client'
puma (4.3.1) lib/puma/server.rb:328:in `block in run'
puma (4.3.1) lib/puma/thread_pool.rb:134:in `block in spawn_thread'
Started GET "/notices" for ::1 at 2020-02-12 23:18:10 +0800
  
ActionController::RoutingError (No route matches [GET] "/notices"):
  
actionpack (6.0.2.1) lib/action_dispatch/middleware/debug_exceptions.rb:36:in `call'
actionpack (6.0.2.1) lib/action_dispatch/middleware/show_exceptions.rb:33:in `call'
railties (6.0.2.1) lib/rails/rack/logger.rb:38:in `call_app'
railties (6.0.2.1) lib/rails/rack/logger.rb:26:in `block in call'
activesupport (6.0.2.1) lib/active_support/tagged_logging.rb:80:in `block in tagged'
activesupport (6.0.2.1) lib/active_support/tagged_logging.rb:28:in `tagged'
activesupport (6.0.2.1) lib/active_support/tagged_logging.rb:80:in `tagged'
railties (6.0.2.1) lib/rails/rack/logger.rb:26:in `call'
actionpack (6.0.2.1) lib/action_dispatch/middleware/remote_ip.rb:81:in `call'
actionpack (6.0.2.1) lib/action_dispatch/middleware/request_id.rb:27:in `call'
rack (2.2.2) lib/rack/runtime.rb:22:in `call'
activesupport (6.0.2.1) lib/active_support/cache/strategy/local_cache_middleware.rb:29:in `call'
actionpack (6.0.2.1) lib/action_dispatch/middleware/executor.rb:14:in `call'
actionpack (6.0.2.1) lib/action_dispatch/middleware/static.rb:126:in `call'
rack (2.2.2) lib/rack/sendfile.rb:110:in `call'
actionpack (6.0.2.1) lib/action_dispatch/middleware/host_authorization.rb:83:in `call'
railties (6.0.2.1) lib/rails/engine.rb:526:in `call'
puma (4.3.1) lib/puma/configuration.rb:228:in `call'
puma (4.3.1) lib/puma/server.rb:681:in `handle_request'
puma (4.3.1) lib/puma/server.rb:472:in `process_client'
puma (4.3.1) lib/puma/server.rb:328:in `block in run'
puma (4.3.1) lib/puma/thread_pool.rb:134:in `block in spawn_thread'
Started GET "/notices" for ::1 at 2020-02-12 23:18:18 +0800
  
ActionController::RoutingError (No route matches [GET] "/notices"):
  
actionpack (6.0.2.1) lib/action_dispatch/middleware/debug_exceptions.rb:36:in `call'
actionpack (6.0.2.1) lib/action_dispatch/middleware/show_exceptions.rb:33:in `call'
railties (6.0.2.1) lib/rails/rack/logger.rb:38:in `call_app'
railties (6.0.2.1) lib/rails/rack/logger.rb:26:in `block in call'
activesupport (6.0.2.1) lib/active_support/tagged_logging.rb:80:in `block in tagged'
activesupport (6.0.2.1) lib/active_support/tagged_logging.rb:28:in `tagged'
activesupport (6.0.2.1) lib/active_support/tagged_logging.rb:80:in `tagged'
railties (6.0.2.1) lib/rails/rack/logger.rb:26:in `call'
actionpack (6.0.2.1) lib/action_dispatch/middleware/remote_ip.rb:81:in `call'
actionpack (6.0.2.1) lib/action_dispatch/middleware/request_id.rb:27:in `call'
rack (2.2.2) lib/rack/runtime.rb:22:in `call'
activesupport (6.0.2.1) lib/active_support/cache/strategy/local_cache_middleware.rb:29:in `call'
actionpack (6.0.2.1) lib/action_dispatch/middleware/executor.rb:14:in `call'
actionpack (6.0.2.1) lib/action_dispatch/middleware/static.rb:126:in `call'
rack (2.2.2) lib/rack/sendfile.rb:110:in `call'
actionpack (6.0.2.1) lib/action_dispatch/middleware/host_authorization.rb:83:in `call'
railties (6.0.2.1) lib/rails/engine.rb:526:in `call'
puma (4.3.1) lib/puma/configuration.rb:228:in `call'
puma (4.3.1) lib/puma/server.rb:681:in `handle_request'
puma (4.3.1) lib/puma/server.rb:472:in `process_client'
puma (4.3.1) lib/puma/server.rb:328:in `block in run'
puma (4.3.1) lib/puma/thread_pool.rb:134:in `block in spawn_thread'
Started GET "/notices" for ::1 at 2020-02-12 23:19:02 +0800
  [1m[35m (1.4ms)[0m  [1m[34mSELECT "schema_migrations"."version" FROM "schema_migrations" ORDER BY "schema_migrations"."version" ASC[0m
  
ActionController::RoutingError (No route matches [GET] "/notices"):
  
actionpack (6.0.2.1) lib/action_dispatch/middleware/debug_exceptions.rb:36:in `call'
actionpack (6.0.2.1) lib/action_dispatch/middleware/show_exceptions.rb:33:in `call'
railties (6.0.2.1) lib/rails/rack/logger.rb:38:in `call_app'
railties (6.0.2.1) lib/rails/rack/logger.rb:26:in `block in call'
activesupport (6.0.2.1) lib/active_support/tagged_logging.rb:80:in `block in tagged'
activesupport (6.0.2.1) lib/active_support/tagged_logging.rb:28:in `tagged'
activesupport (6.0.2.1) lib/active_support/tagged_logging.rb:80:in `tagged'
railties (6.0.2.1) lib/rails/rack/logger.rb:26:in `call'
actionpack (6.0.2.1) lib/action_dispatch/middleware/remote_ip.rb:81:in `call'
actionpack (6.0.2.1) lib/action_dispatch/middleware/request_id.rb:27:in `call'
rack (2.2.2) lib/rack/runtime.rb:22:in `call'
activesupport (6.0.2.1) lib/active_support/cache/strategy/local_cache_middleware.rb:29:in `call'
actionpack (6.0.2.1) lib/action_dispatch/middleware/executor.rb:14:in `call'
actionpack (6.0.2.1) lib/action_dispatch/middleware/static.rb:126:in `call'
rack (2.2.2) lib/rack/sendfile.rb:110:in `call'
actionpack (6.0.2.1) lib/action_dispatch/middleware/host_authorization.rb:83:in `call'
rack-cors (1.1.1) lib/rack/cors.rb:100:in `call'
railties (6.0.2.1) lib/rails/engine.rb:526:in `call'
puma (4.3.1) lib/puma/configuration.rb:228:in `call'
puma (4.3.1) lib/puma/server.rb:681:in `handle_request'
puma (4.3.1) lib/puma/server.rb:472:in `process_client'
puma (4.3.1) lib/puma/server.rb:328:in `block in run'
puma (4.3.1) lib/puma/thread_pool.rb:134:in `block in spawn_thread'
Started GET "/poses" for ::1 at 2020-02-12 23:19:25 +0800
Processing by PosesController#index as */*
  [1m[36mPose Load (0.7ms)[0m  [1m[34mSELECT "poses".* FROM "poses"[0m
  ↳ app/controllers/poses_controller.rb:8:in `index'
Completed 200 OK in 25ms (Views: 14.5ms | ActiveRecord: 7.9ms | Allocations: 5641)


Started GET "/poses" for ::1 at 2020-02-12 23:21:12 +0800
Processing by PosesController#index as */*
  [1m[36mPose Load (0.5ms)[0m  [1m[34mSELECT "poses".* FROM "poses"[0m
  ↳ app/controllers/poses_controller.rb:8:in `index'
Completed 200 OK in 6ms (Views: 5.1ms | ActiveRecord: 0.5ms | Allocations: 1201)


Started GET "/poses" for ::1 at 2020-02-12 23:25:47 +0800
Processing by PosesController#index as */*
  [1m[36mPose Load (0.5ms)[0m  [1m[34mSELECT "poses".* FROM "poses"[0m
  ↳ app/controllers/poses_controller.rb:8:in `index'
Completed 200 OK in 3ms (Views: 1.8ms | ActiveRecord: 0.5ms | Allocations: 1201)


Started GET "/poses" for ::1 at 2020-02-12 23:26:08 +0800
Processing by PosesController#index as */*
  [1m[36mPose Load (0.5ms)[0m  [1m[34mSELECT "poses".* FROM "poses"[0m
  ↳ app/controllers/poses_controller.rb:8:in `index'
Completed 200 OK in 4ms (Views: 3.6ms | ActiveRecord: 0.5ms | Allocations: 1184)


Started GET "/poses" for ::1 at 2020-02-12 23:26:18 +0800
Processing by PosesController#index as */*
  [1m[36mPose Load (0.4ms)[0m  [1m[34mSELECT "poses".* FROM "poses"[0m
  ↳ app/controllers/poses_controller.rb:8:in `index'
Completed 200 OK in 3ms (Views: 2.4ms | ActiveRecord: 0.4ms | Allocations: 1183)


Started GET "/poses" for ::1 at 2020-02-12 23:26:31 +0800
Processing by PosesController#index as */*
  [1m[36mPose Load (0.4ms)[0m  [1m[34mSELECT "poses".* FROM "poses"[0m
  ↳ app/controllers/poses_controller.rb:8:in `index'
Completed 200 OK in 5ms (Views: 4.3ms | ActiveRecord: 0.4ms | Allocations: 1183)


Started GET "/poses" for ::1 at 2020-02-12 23:33:05 +0800
Processing by PosesController#index as */*
  [1m[36mPose Load (1.2ms)[0m  [1m[34mSELECT "poses".* FROM "poses"[0m
  ↳ app/controllers/poses_controller.rb:8:in `index'
Completed 200 OK in 4ms (Views: 3.0ms | ActiveRecord: 1.2ms | Allocations: 1253)


Started GET "/poses" for ::1 at 2020-02-12 23:34:20 +0800
Processing by PosesController#index as */*
  [1m[36mPose Load (0.3ms)[0m  [1m[34mSELECT "poses".* FROM "poses"[0m
  ↳ app/controllers/poses_controller.rb:8:in `index'
Completed 200 OK in 6ms (Views: 2.3ms | ActiveRecord: 0.3ms | Allocations: 1183)


Started GET "/poses" for ::1 at 2020-02-12 23:34:23 +0800
Processing by PosesController#index as */*
  [1m[36mPose Load (0.4ms)[0m  [1m[34mSELECT "poses".* FROM "poses"[0m
  ↳ app/controllers/poses_controller.rb:8:in `index'
Completed 200 OK in 4ms (Views: 3.4ms | ActiveRecord: 0.4ms | Allocations: 1183)


Started GET "/poses" for ::1 at 2020-02-12 23:34:54 +0800
Processing by PosesController#index as */*
  [1m[36mPose Load (0.3ms)[0m  [1m[34mSELECT "poses".* FROM "poses"[0m
  ↳ app/controllers/poses_controller.rb:8:in `index'
Completed 200 OK in 3ms (Views: 2.4ms | ActiveRecord: 0.3ms | Allocations: 1183)


Started GET "/poses" for ::1 at 2020-02-12 23:35:05 +0800
Processing by PosesController#index as */*
  [1m[36mPose Load (0.3ms)[0m  [1m[34mSELECT "poses".* FROM "poses"[0m
  ↳ app/controllers/poses_controller.rb:8:in `index'
Completed 200 OK in 2ms (Views: 1.7ms | ActiveRecord: 0.3ms | Allocations: 1183)


Started GET "/poses" for ::1 at 2020-02-12 23:35:29 +0800
Processing by PosesController#index as */*
  [1m[36mPose Load (0.3ms)[0m  [1m[34mSELECT "poses".* FROM "poses"[0m
  ↳ app/controllers/poses_controller.rb:8:in `index'
Completed 200 OK in 3ms (Views: 2.2ms | ActiveRecord: 0.3ms | Allocations: 1183)


Started GET "/poses" for ::1 at 2020-02-12 23:35:38 +0800
Processing by PosesController#index as */*
  [1m[36mPose Load (0.3ms)[0m  [1m[34mSELECT "poses".* FROM "poses"[0m
  ↳ app/controllers/poses_controller.rb:8:in `index'
Completed 200 OK in 3ms (Views: 2.0ms | ActiveRecord: 0.3ms | Allocations: 1183)


Started GET "/poses" for ::1 at 2020-02-12 23:36:24 +0800
Processing by PosesController#index as */*
  [1m[36mPose Load (2.0ms)[0m  [1m[34mSELECT "poses".* FROM "poses"[0m
  ↳ app/controllers/poses_controller.rb:8:in `index'
Completed 200 OK in 6ms (Views: 3.4ms | ActiveRecord: 2.0ms | Allocations: 1183)


Started GET "/poses" for ::1 at 2020-02-12 23:36:36 +0800
Processing by PosesController#index as */*
  [1m[36mPose Load (0.4ms)[0m  [1m[34mSELECT "poses".* FROM "poses"[0m
  ↳ app/controllers/poses_controller.rb:8:in `index'
Completed 200 OK in 4ms (Views: 2.8ms | ActiveRecord: 0.4ms | Allocations: 1183)


Started GET "/poses" for ::1 at 2020-02-12 23:38:29 +0800
Processing by PosesController#index as */*
  [1m[36mPose Load (0.3ms)[0m  [1m[34mSELECT "poses".* FROM "poses"[0m
  ↳ app/controllers/poses_controller.rb:8:in `index'
Completed 200 OK in 3ms (Views: 2.1ms | ActiveRecord: 0.3ms | Allocations: 1183)


Started GET "/poses" for ::1 at 2020-02-12 23:40:19 +0800
Processing by PosesController#index as */*
  [1m[36mPose Load (0.6ms)[0m  [1m[34mSELECT "poses".* FROM "poses"[0m
  ↳ app/controllers/poses_controller.rb:8:in `index'
Completed 200 OK in 4ms (Views: 2.8ms | ActiveRecord: 0.6ms | Allocations: 1183)


Started GET "/poses" for ::1 at 2020-02-12 23:41:09 +0800
Processing by PosesController#index as */*
  [1m[36mPose Load (0.3ms)[0m  [1m[34mSELECT "poses".* FROM "poses"[0m
  ↳ app/controllers/poses_controller.rb:8:in `index'
Completed 200 OK in 2ms (Views: 1.8ms | ActiveRecord: 0.3ms | Allocations: 1183)


Started GET "/poses" for ::1 at 2020-02-12 23:41:12 +0800
Processing by PosesController#index as */*
  [1m[36mPose Load (0.3ms)[0m  [1m[34mSELECT "poses".* FROM "poses"[0m
  ↳ app/controllers/poses_controller.rb:8:in `index'
Completed 200 OK in 3ms (Views: 2.5ms | ActiveRecord: 0.3ms | Allocations: 1183)


Started GET "/poses" for ::1 at 2020-02-12 23:41:36 +0800
Processing by PosesController#index as */*
  [1m[36mPose Load (0.5ms)[0m  [1m[34mSELECT "poses".* FROM "poses"[0m
  ↳ app/controllers/poses_controller.rb:8:in `index'
Completed 200 OK in 45ms (Views: 44.0ms | ActiveRecord: 0.5ms | Allocations: 1186)


Started GET "/poses" for ::1 at 2020-02-12 23:42:22 +0800
Processing by PosesController#index as */*
  [1m[36mPose Load (0.5ms)[0m  [1m[34mSELECT "poses".* FROM "poses"[0m
  ↳ app/controllers/poses_controller.rb:8:in `index'
Completed 200 OK in 3ms (Views: 2.3ms | ActiveRecord: 0.5ms | Allocations: 1183)


Started GET "/poses" for ::1 at 2020-02-12 23:42:29 +0800
Processing by PosesController#index as */*
  [1m[36mPose Load (0.8ms)[0m  [1m[34mSELECT "poses".* FROM "poses"[0m
  ↳ app/controllers/poses_controller.rb:8:in `index'
Completed 200 OK in 3ms (Views: 1.9ms | ActiveRecord: 0.8ms | Allocations: 1183)


Started GET "/poses" for ::1 at 2020-02-12 23:43:08 +0800
Processing by PosesController#index as */*
  [1m[36mPose Load (0.3ms)[0m  [1m[34mSELECT "poses".* FROM "poses"[0m
  ↳ app/controllers/poses_controller.rb:8:in `index'
Completed 200 OK in 2ms (Views: 1.5ms | ActiveRecord: 0.3ms | Allocations: 1183)


Started GET "/poses" for ::1 at 2020-02-12 23:45:48 +0800
Processing by PosesController#index as */*
  [1m[36mPose Load (0.7ms)[0m  [1m[34mSELECT "poses".* FROM "poses"[0m
  ↳ app/controllers/poses_controller.rb:8:in `index'
Completed 200 OK in 4ms (Views: 2.7ms | ActiveRecord: 0.7ms | Allocations: 1183)


Started GET "/poses" for ::1 at 2020-02-12 23:47:00 +0800
Processing by PosesController#index as */*
  [1m[36mPose Load (0.4ms)[0m  [1m[34mSELECT "poses".* FROM "poses"[0m
  ↳ app/controllers/poses_controller.rb:8:in `index'
Completed 200 OK in 3ms (Views: 2.0ms | ActiveRecord: 0.4ms | Allocations: 1183)


Started GET "/poses" for ::1 at 2020-02-12 23:48:57 +0800
Processing by PosesController#index as */*
  [1m[36mPose Load (0.4ms)[0m  [1m[34mSELECT "poses".* FROM "poses"[0m
  ↳ app/controllers/poses_controller.rb:8:in `index'
Completed 200 OK in 3ms (Views: 1.9ms | ActiveRecord: 0.4ms | Allocations: 1183)


Started GET "/poses" for ::1 at 2020-02-12 23:49:05 +0800
Processing by PosesController#index as */*
  [1m[36mPose Load (0.3ms)[0m  [1m[34mSELECT "poses".* FROM "poses"[0m
  ↳ app/controllers/poses_controller.rb:8:in `index'
Completed 200 OK in 3ms (Views: 2.2ms | ActiveRecord: 0.3ms | Allocations: 1183)


Started GET "/poses" for ::1 at 2020-02-12 23:49:21 +0800
Processing by PosesController#index as */*
  [1m[36mPose Load (0.6ms)[0m  [1m[34mSELECT "poses".* FROM "poses"[0m
  ↳ app/controllers/poses_controller.rb:8:in `index'
Completed 200 OK in 3ms (Views: 2.5ms | ActiveRecord: 0.6ms | Allocations: 1183)


Started GET "/poses" for ::1 at 2020-02-12 23:49:37 +0800
Processing by PosesController#index as */*
  [1m[36mPose Load (0.3ms)[0m  [1m[34mSELECT "poses".* FROM "poses"[0m
  ↳ app/controllers/poses_controller.rb:8:in `index'
Completed 200 OK in 4ms (Views: 2.9ms | ActiveRecord: 0.3ms | Allocations: 1183)


Started GET "/poses" for ::1 at 2020-02-12 23:51:07 +0800
Processing by PosesController#index as */*
  [1m[36mPose Load (0.4ms)[0m  [1m[34mSELECT "poses".* FROM "poses"[0m
  ↳ app/controllers/poses_controller.rb:8:in `index'
Completed 200 OK in 2ms (Views: 1.7ms | ActiveRecord: 0.4ms | Allocations: 1183)


Started GET "/poses" for ::1 at 2020-02-12 23:51:33 +0800
Processing by PosesController#index as */*
  [1m[36mPose Load (0.2ms)[0m  [1m[34mSELECT "poses".* FROM "poses"[0m
  ↳ app/controllers/poses_controller.rb:8:in `index'
Completed 200 OK in 2ms (Views: 1.8ms | ActiveRecord: 0.2ms | Allocations: 1183)


Started GET "/poses" for ::1 at 2020-02-12 23:52:25 +0800
Processing by PosesController#index as */*
  [1m[36mPose Load (0.3ms)[0m  [1m[34mSELECT "poses".* FROM "poses"[0m
  ↳ app/controllers/poses_controller.rb:8:in `index'
Completed 200 OK in 3ms (Views: 2.2ms | ActiveRecord: 0.3ms | Allocations: 1183)


Started GET "/poses" for ::1 at 2020-02-12 23:52:55 +0800
Processing by PosesController#index as */*
  [1m[36mPose Load (0.3ms)[0m  [1m[34mSELECT "poses".* FROM "poses"[0m
  ↳ app/controllers/poses_controller.rb:8:in `index'
Completed 200 OK in 2ms (Views: 1.9ms | ActiveRecord: 0.3ms | Allocations: 1183)


Started GET "/poses" for ::1 at 2020-02-12 23:53:43 +0800
Processing by PosesController#index as */*
  [1m[36mPose Load (0.3ms)[0m  [1m[34mSELECT "poses".* FROM "poses"[0m
  ↳ app/controllers/poses_controller.rb:8:in `index'
Completed 200 OK in 2ms (Views: 1.9ms | ActiveRecord: 0.3ms | Allocations: 1183)


Started GET "/poses" for ::1 at 2020-02-12 23:53:59 +0800
Processing by PosesController#index as */*
  [1m[36mPose Load (0.4ms)[0m  [1m[34mSELECT "poses".* FROM "poses"[0m
  ↳ app/controllers/poses_controller.rb:8:in `index'
Completed 200 OK in 3ms (Views: 2.2ms | ActiveRecord: 0.4ms | Allocations: 1183)


Started GET "/poses" for ::1 at 2020-02-12 23:54:12 +0800
Processing by PosesController#index as */*
  [1m[36mPose Load (1.3ms)[0m  [1m[34mSELECT "poses".* FROM "poses"[0m
  ↳ app/controllers/poses_controller.rb:8:in `index'
Completed 200 OK in 4ms (Views: 2.1ms | ActiveRecord: 1.3ms | Allocations: 1183)


Started GET "/poses" for ::1 at 2020-02-12 23:55:06 +0800
Processing by PosesController#index as */*
  [1m[36mPose Load (1.1ms)[0m  [1m[34mSELECT "poses".* FROM "poses"[0m
  ↳ app/controllers/poses_controller.rb:8:in `index'
Completed 200 OK in 8ms (Views: 6.3ms | ActiveRecord: 1.1ms | Allocations: 1183)


Started GET "/poses" for ::1 at 2020-02-12 23:55:26 +0800
Processing by PosesController#index as */*
  [1m[36mPose Load (0.4ms)[0m  [1m[34mSELECT "poses".* FROM "poses"[0m
  ↳ app/controllers/poses_controller.rb:8:in `index'
Completed 200 OK in 3ms (Views: 2.5ms | ActiveRecord: 0.4ms | Allocations: 1183)


Started GET "/poses" for ::1 at 2020-02-12 23:57:52 +0800
Processing by PosesController#index as */*
  [1m[36mPose Load (0.3ms)[0m  [1m[34mSELECT "poses".* FROM "poses"[0m
  ↳ app/controllers/poses_controller.rb:8:in `index'
Completed 200 OK in 3ms (Views: 2.4ms | ActiveRecord: 0.3ms | Allocations: 1183)


Started GET "/poses" for ::1 at 2020-02-13 00:16:11 +0800
Processing by PosesController#index as */*
  [1m[36mPose Load (1.4ms)[0m  [1m[34mSELECT "poses".* FROM "poses"[0m
  ↳ app/controllers/poses_controller.rb:8:in `index'
Completed 200 OK in 20ms (Views: 14.0ms | ActiveRecord: 1.4ms | Allocations: 1241)


Started GET "/poses" for ::1 at 2020-02-13 00:17:20 +0800
Processing by PosesController#index as */*
  [1m[36mPose Load (0.4ms)[0m  [1m[34mSELECT "poses".* FROM "poses"[0m
  ↳ app/controllers/poses_controller.rb:8:in `index'
Completed 200 OK in 4ms (Views: 3.0ms | ActiveRecord: 0.4ms | Allocations: 1183)


Started GET "/poses" for ::1 at 2020-02-13 00:17:53 +0800
Processing by PosesController#index as */*
  [1m[36mPose Load (0.6ms)[0m  [1m[34mSELECT "poses".* FROM "poses"[0m
  ↳ app/controllers/poses_controller.rb:8:in `index'
Completed 200 OK in 4ms (Views: 3.5ms | ActiveRecord: 0.6ms | Allocations: 1183)


Started GET "/poses" for ::1 at 2020-02-13 00:19:20 +0800
Processing by PosesController#index as */*
  [1m[36mPose Load (4.0ms)[0m  [1m[34mSELECT "poses".* FROM "poses"[0m
  ↳ app/controllers/poses_controller.rb:8:in `index'
Completed 200 OK in 10ms (Views: 6.1ms | ActiveRecord: 4.0ms | Allocations: 1183)


Started GET "/poses" for ::1 at 2020-02-13 00:20:11 +0800
Processing by PosesController#index as */*
  [1m[36mPose Load (2.7ms)[0m  [1m[34mSELECT "poses".* FROM "poses"[0m
  ↳ app/controllers/poses_controller.rb:8:in `index'
Completed 200 OK in 6ms (Views: 3.2ms | ActiveRecord: 2.7ms | Allocations: 1183)


Started GET "/poses" for ::1 at 2020-02-13 00:20:42 +0800
Processing by PosesController#index as */*
  [1m[36mPose Load (3.3ms)[0m  [1m[34mSELECT "poses".* FROM "poses"[0m
  ↳ app/controllers/poses_controller.rb:8:in `index'
Completed 200 OK in 13ms (Views: 8.9ms | ActiveRecord: 3.3ms | Allocations: 1183)


Started GET "/poses" for ::1 at 2020-02-13 00:22:22 +0800
Processing by PosesController#index as */*
  [1m[36mPose Load (0.3ms)[0m  [1m[34mSELECT "poses".* FROM "poses"[0m
  ↳ app/controllers/poses_controller.rb:8:in `index'
Completed 200 OK in 3ms (Views: 2.6ms | ActiveRecord: 0.3ms | Allocations: 1183)


Started GET "/poses" for ::1 at 2020-02-13 00:22:28 +0800
Processing by PosesController#index as */*
  [1m[36mPose Load (3.2ms)[0m  [1m[34mSELECT "poses".* FROM "poses"[0m
  ↳ app/controllers/poses_controller.rb:8:in `index'
Completed 200 OK in 8ms (Views: 4.8ms | ActiveRecord: 3.2ms | Allocations: 1183)


Started GET "/poses" for ::1 at 2020-02-13 00:23:56 +0800
Processing by PosesController#index as */*
  [1m[36mPose Load (0.7ms)[0m  [1m[34mSELECT "poses".* FROM "poses"[0m
  ↳ app/controllers/poses_controller.rb:8:in `index'
Completed 200 OK in 6ms (Views: 4.8ms | ActiveRecord: 0.7ms | Allocations: 1183)


Started GET "/poses" for ::1 at 2020-02-13 00:24:11 +0800
Processing by PosesController#index as */*
  [1m[36mPose Load (1.4ms)[0m  [1m[34mSELECT "poses".* FROM "poses"[0m
  ↳ app/controllers/poses_controller.rb:8:in `index'
Completed 200 OK in 5ms (Views: 3.1ms | ActiveRecord: 1.4ms | Allocations: 1183)


Started GET "/poses" for ::1 at 2020-02-13 00:25:03 +0800
Processing by PosesController#index as */*
  [1m[36mPose Load (0.3ms)[0m  [1m[34mSELECT "poses".* FROM "poses"[0m
  ↳ app/controllers/poses_controller.rb:8:in `index'
Completed 200 OK in 3ms (Views: 2.8ms | ActiveRecord: 0.3ms | Allocations: 1183)


Started GET "/poses" for ::1 at 2020-02-13 00:25:08 +0800
Processing by PosesController#index as */*
  [1m[36mPose Load (2.7ms)[0m  [1m[34mSELECT "poses".* FROM "poses"[0m
  ↳ app/controllers/poses_controller.rb:8:in `index'
Completed 200 OK in 8ms (Views: 4.9ms | ActiveRecord: 2.7ms | Allocations: 1183)


Started GET "/poses" for ::1 at 2020-02-13 00:25:10 +0800
Processing by PosesController#index as */*
  [1m[36mPose Load (1.7ms)[0m  [1m[34mSELECT "poses".* FROM "poses"[0m
  ↳ app/controllers/poses_controller.rb:8:in `index'
Completed 200 OK in 10ms (Views: 6.9ms | ActiveRecord: 1.7ms | Allocations: 1183)


Started GET "/poses" for ::1 at 2020-02-13 00:25:47 +0800
Processing by PosesController#index as */*
  [1m[36mPose Load (0.3ms)[0m  [1m[34mSELECT "poses".* FROM "poses"[0m
  ↳ app/controllers/poses_controller.rb:8:in `index'
Completed 200 OK in 3ms (Views: 2.0ms | ActiveRecord: 0.3ms | Allocations: 1183)


Started GET "/poses" for ::1 at 2020-02-13 00:25:49 +0800
Processing by PosesController#index as */*
  [1m[36mPose Load (0.5ms)[0m  [1m[34mSELECT "poses".* FROM "poses"[0m
  ↳ app/controllers/poses_controller.rb:8:in `index'
Completed 200 OK in 4ms (Views: 3.4ms | ActiveRecord: 0.5ms | Allocations: 1183)


Started GET "/poses" for ::1 at 2020-02-13 00:25:57 +0800
Processing by PosesController#index as */*
  [1m[36mPose Load (0.3ms)[0m  [1m[34mSELECT "poses".* FROM "poses"[0m
  ↳ app/controllers/poses_controller.rb:8:in `index'
Completed 200 OK in 4ms (Views: 3.0ms | ActiveRecord: 0.3ms | Allocations: 1183)


Started GET "/poses" for ::1 at 2020-02-13 00:28:39 +0800
Processing by PosesController#index as */*
  [1m[36mPose Load (0.4ms)[0m  [1m[34mSELECT "poses".* FROM "poses"[0m
  ↳ app/controllers/poses_controller.rb:8:in `index'
Completed 200 OK in 3ms (Views: 2.6ms | ActiveRecord: 0.4ms | Allocations: 1184)


Started GET "/poses" for ::1 at 2020-02-13 00:28:56 +0800
Processing by PosesController#index as */*
  [1m[36mPose Load (0.6ms)[0m  [1m[34mSELECT "poses".* FROM "poses"[0m
  ↳ app/controllers/poses_controller.rb:8:in `index'
Completed 200 OK in 4ms (Views: 2.4ms | ActiveRecord: 0.6ms | Allocations: 1183)


Started GET "/poses" for ::1 at 2020-02-13 00:29:08 +0800
Processing by PosesController#index as */*
  [1m[36mPose Load (1.2ms)[0m  [1m[34mSELECT "poses".* FROM "poses"[0m
  ↳ app/controllers/poses_controller.rb:8:in `index'
Completed 200 OK in 5ms (Views: 3.8ms | ActiveRecord: 1.2ms | Allocations: 1183)


Started GET "/poses" for ::1 at 2020-02-13 00:29:47 +0800
Processing by PosesController#index as */*
  [1m[36mPose Load (4.5ms)[0m  [1m[34mSELECT "poses".* FROM "poses"[0m
  ↳ app/controllers/poses_controller.rb:8:in `index'
Completed 200 OK in 7ms (Views: 2.3ms | ActiveRecord: 4.5ms | Allocations: 1183)


Started GET "/poses" for ::1 at 2020-02-13 00:30:53 +0800
Processing by PosesController#index as */*
  [1m[36mPose Load (6.2ms)[0m  [1m[34mSELECT "poses".* FROM "poses"[0m
  ↳ app/controllers/poses_controller.rb:8:in `index'
Completed 200 OK in 10ms (Views: 3.7ms | ActiveRecord: 6.2ms | Allocations: 1183)


Started GET "/poses" for ::1 at 2020-02-13 00:30:55 +0800
Processing by PosesController#index as */*
  [1m[36mPose Load (2.0ms)[0m  [1m[34mSELECT "poses".* FROM "poses"[0m
  ↳ app/controllers/poses_controller.rb:8:in `index'
Completed 200 OK in 6ms (Views: 3.5ms | ActiveRecord: 2.0ms | Allocations: 1183)


Started GET "/poses" for ::1 at 2020-02-13 00:30:56 +0800
Processing by PosesController#index as */*
  [1m[36mPose Load (4.7ms)[0m  [1m[34mSELECT "poses".* FROM "poses"[0m
  ↳ app/controllers/poses_controller.rb:8:in `index'
Completed 200 OK in 11ms (Views: 4.7ms | ActiveRecord: 4.7ms | Allocations: 1183)


Started GET "/poses" for ::1 at 2020-02-13 00:30:57 +0800
Processing by PosesController#index as */*
  [1m[36mPose Load (2.0ms)[0m  [1m[34mSELECT "poses".* FROM "poses"[0m
  ↳ app/controllers/poses_controller.rb:8:in `index'
Completed 200 OK in 8ms (Views: 5.4ms | ActiveRecord: 2.0ms | Allocations: 1183)


Started GET "/poses" for ::1 at 2020-02-13 00:39:18 +0800
Processing by PosesController#index as */*
  [1m[36mPose Load (1.0ms)[0m  [1m[34mSELECT "poses".* FROM "poses"[0m
  ↳ app/controllers/poses_controller.rb:8:in `index'
Completed 200 OK in 15ms (Views: 11.7ms | ActiveRecord: 1.0ms | Allocations: 1241)


Started GET "/poses" for ::1 at 2020-02-13 00:39:20 +0800
Processing by PosesController#index as */*
  [1m[36mPose Load (3.1ms)[0m  [1m[34mSELECT "poses".* FROM "poses"[0m
  ↳ app/controllers/poses_controller.rb:8:in `index'
Completed 200 OK in 7ms (Views: 3.3ms | ActiveRecord: 3.1ms | Allocations: 1183)


Started GET "/poses" for ::1 at 2020-02-13 00:39:21 +0800
Processing by PosesController#index as */*
  [1m[36mPose Load (0.6ms)[0m  [1m[34mSELECT "poses".* FROM "poses"[0m
  ↳ app/controllers/poses_controller.rb:8:in `index'
Completed 200 OK in 7ms (Views: 5.4ms | ActiveRecord: 0.6ms | Allocations: 1183)


Started GET "/poses" for ::1 at 2020-02-13 00:39:24 +0800
Processing by PosesController#index as */*
  [1m[36mPose Load (2.9ms)[0m  [1m[34mSELECT "poses".* FROM "poses"[0m
  ↳ app/controllers/poses_controller.rb:8:in `index'
Completed 200 OK in 11ms (Views: 7.6ms | ActiveRecord: 2.9ms | Allocations: 1183)


